<testsuites id="" name="" tests="1" failures="1" skipped="0" errors="0" time="32.284385">
<testsuite name="src\features\Sample.feature.spec.js" timestamp="2026-01-13T11:43:18.485Z" hostname="chromium" tests="1" failures="1" skipped="0" time="30.445" errors="0">
<testcase name="Sabre vs Sabre Single Night Single Room Single Guest Booking › Sabre vs BCOM Single Night Single Room Single Guest Standard Booking › Example #1" classname="src\features\Sample.feature.spec.js" time="30.445">
<failure message="Sample.feature.spec.js:5:5 Example #1" type="FAILURE">
<![CDATA[  [chromium] › src\features\Sample.feature.spec.js:5:5 › Sabre vs Sabre Single Night Single Room Single Guest Booking › Sabre vs BCOM Single Night Single Room Single Guest Standard Booking › Example #1 @Sabre_vs_Sabre_Sanity @Sanity @TestOne › And enters location "Dallas" from suggestion 

    Test timeout of 30000ms exceeded.

    Error: locator.fill: Test timeout of 30000ms exceeded.
    Call log:
      - waiting for getByRole('textbox', { name: 'City/Town' })


       at ..\src\steps\traditional.steps.ts:15

      13 |     Logger.info(`Executing from Traditional Approach since for this Step Json not found: Entering location "${location}" from suggestion`, 'LocationSteps');
      14 |     const locationInput = page.getByRole('textbox', { name: 'City/Town' });
    > 15 |     await locationInput.fill(location);
         |                         ^
      16 |     const suggestion = page.locator('.typeahead, .ui-autocomplete, .suggestion-item').getByText(location, { exact: false }).first();
      17 |     try {
      18 |         await suggestion.waitFor({ state: 'visible', timeout: 5000 });
        at Object.handler (C:\Chari_Local\jsonTypeScriptPlaywright\src\steps\traditional.steps.ts:15:25)
        at CustomStepRegistry.tryExecute (C:\Chari_Local\jsonTypeScriptPlaywright\src\steps\CustomStepRegistry.ts:34:28)
        at Object.universalHandler (C:\Chari_Local\jsonTypeScriptPlaywright\src\steps\universal.steps.ts:29:54)
        at C:\Chari_Local\jsonTypeScriptPlaywright\.features-gen\src\features\Sample.feature.spec.js:15:7

    attachment #1: screenshot (image/png) ──────────────────────────────────────────────────────────
    ..\test-results\src-features-Sample.featur-76e7a--Standard-Booking-Example-1-chromium\test-failed-1.png
    ────────────────────────────────────────────────────────────────────────────────────────────────

    attachment #2: video (video/webm) ──────────────────────────────────────────────────────────────
    ..\test-results\src-features-Sample.featur-76e7a--Standard-Booking-Example-1-chromium\video.webm
    ────────────────────────────────────────────────────────────────────────────────────────────────

    Error Context: ..\test-results\src-features-Sample.featur-76e7a--Standard-Booking-Example-1-chromium\error-context.md
]]>
</failure>
<system-out>
<![CDATA[[Registry] Registered manual step: /user selects country "(.*)"/
[Registry] Registered manual step: /enters location "(.*)" from suggestion/
2026-01-13T11:43:20.141Z INFO  [Universal]: Processing step: "Open Browser and Navigate to HotelBooker "https://hotelbooker.cert.sabre.com""
2026-01-13T11:43:20.144Z INFO  [Executor]: Performing: NAVIGATE - Navigate to HotelBooker
2026-01-13T11:43:29.099Z INFO  [Universal]: Processing step: "user enters username "QA_Sabre" and password "Te5t@1234""
2026-01-13T11:43:29.100Z INFO  [Executor]: Performing: TYPE - Enter Username
2026-01-13T11:43:29.107Z INFO  [SmartFinder]: Searching for: ctl00_cphMainContent_txtUserName
2026-01-13T11:43:29.116Z INFO  [SmartFinder]: Match Found: Exact XPath
2026-01-13T11:43:29.179Z INFO  [Executor]: Performing: TYPE - Enter Password
2026-01-13T11:43:29.184Z INFO  [SmartFinder]: Searching for: ctl00_cphMainContent_txtPassword
2026-01-13T11:43:29.245Z INFO  [SmartFinder]: Match Found: Exact XPath
2026-01-13T11:43:29.320Z INFO  [Universal]: Processing step: "user clicks login button"
2026-01-13T11:43:29.323Z INFO  [Executor]: Performing: CLICK - Click Login Button
2026-01-13T11:43:29.331Z INFO  [SmartFinder]: Searching for: ctl00_cphMainContent_btnLogin
2026-01-13T11:43:29.341Z INFO  [SmartFinder]: Match Found: Exact XPath
2026-01-13T11:43:38.489Z INFO  [SmartWait]: Sabre Loading detected, waiting for it to hide...
2026-01-13T11:43:38.957Z INFO  [Executor]: Performing: SCREENSHOT - Post Login Screenshot
2026-01-13T11:43:39.029Z INFO  [Universal]: Processing step: "selects client "Test QA Client(Sabre)""
2026-01-13T11:43:39.029Z INFO  [Executor]: Performing: CLICK - Select Client from List
2026-01-13T11:43:39.032Z INFO  [SmartFinder]: Searching for: h2
2026-01-13T11:43:39.037Z INFO  [SmartFinder]: Match Found: Exact XPath
2026-01-13T11:43:39.133Z INFO  [SmartWait]: Sabre Loading detected, waiting for it to hide...
2026-01-13T11:43:39.176Z INFO  [Executor]: Performing: WAIT_HIDDEN - Wait for Client Select Modal to Hide
2026-01-13T11:43:39.181Z INFO  [SmartFinder]: Searching for: clientSelectModal
2026-01-13T11:43:39.188Z INFO  [SmartFinder]: Match Found: Exact XPath
2026-01-13T11:43:39.300Z INFO  [Universal]: Processing step: "Validate selected client should display on header"
2026-01-13T11:43:39.301Z INFO  [Executor]: Performing: VERIFY_TEXT - Verify Client Name in Header
2026-01-13T11:43:39.307Z INFO  [SmartFinder]: Searching for: lnkClientSelect
2026-01-13T11:43:39.316Z INFO  [SmartFinder]: Match Found: Exact XPath
2026-01-13T11:43:45.606Z INFO  [Universal]: Processing step: "user selects country "USA""
2026-01-13T11:43:45.607Z INFO  [Universal]: StrongJSON not found for "user selects country "USA"". Attempting fallback to Custom Registry/Traditional Approach.
[Registry] Match found for: "user selects country "USA"". Executing manual handler.
2026-01-13T11:43:45.608Z INFO  [TraditionalSteps]: Executing from Traditional Approach since for this Step Json not found: Selecting country "USA"
2026-01-13T11:43:45.657Z INFO  [TraditionalSteps]: Successfully selected country: USA
2026-01-13T11:43:45.660Z INFO  [Universal]: Processing step: "enters location "Dallas" from suggestion"
2026-01-13T11:43:45.661Z INFO  [Universal]: StrongJSON not found for "enters location "Dallas" from suggestion". Attempting fallback to Custom Registry/Traditional Approach.
[Registry] Match found for: "enters location "Dallas" from suggestion". Executing manual handler.
2026-01-13T11:43:45.663Z INFO  [LocationSteps]: Executing from Traditional Approach since for this Step Json not found: Entering location "Dallas" from suggestion

[[ATTACHMENT|test-results\src-features-Sample.featur-76e7a--Standard-Booking-Example-1-chromium\test-failed-1.png]]

[[ATTACHMENT|test-results\src-features-Sample.featur-76e7a--Standard-Booking-Example-1-chromium\video.webm]]

[[ATTACHMENT|test-results\src-features-Sample.featur-76e7a--Standard-Booking-Example-1-chromium\error-context.md]]
]]>
</system-out>
</testcase>
</testsuite>
</testsuites>